<?xml version="1.0" encoding="UTF-8"?>
<!-- Generated by org.testng.reporters.JUnitReportReporter -->
<testsuite hostname="DESKTOP-6CV4G98" failures="0" tests="1" name="test.HomePageTest" time="1.218" errors="0" timestamp="2022-06-13T10:08:23 IST" skipped="0">
  <testcase classname="test.HomePageTest" name="logout" time="1.218"/>
  <system-out/>
</testsuite> <!-- test.HomePageTest -->
