<?xml version="1.0" encoding="UTF-8"?>
<!-- Generated by org.testng.reporters.JUnitReportReporter -->
<testsuite hostname="DESKTOP-6CV4G98" failures="0" tests="2" name="test.LoginTest" time="9.911" errors="0" timestamp="2022-06-13T10:08:23 IST" skipped="0">
  <testcase classname="test.LoginTest" name="verifyButton" time="0.080"/>
  <system-out/>
  <testcase classname="test.LoginTest" name="login" time="9.831"/>
  <system-out/>
</testsuite> <!-- test.LoginTest -->
