<?xml version="1.0" encoding="UTF-8"?>
<!-- Generated by org.testng.reporters.JUnitReportReporter -->
<testsuite hostname="DESKTOP-A3GRSMM" failures="0" tests="1" name="test.HomePageTest" time="5.880" errors="0" timestamp="2022-06-19T17:20:15 IST" skipped="0">
  <testcase classname="test.HomePageTest" name="logout" time="5.880"/>
  <system-out/>
</testsuite> <!-- test.HomePageTest -->
